<?xml version="1.0" encoding="UTF-8"?>
<!-- Generated by org.testng.reporters.JUnitReportReporter -->
<testsuite skipped="0" hostname="Dila" name="testcases.TC_profile" tests="1" failures="0" timestamp="2022-09-12T00:18:13 IST" time="32.354" errors="0">
  <testcase name="tc_editProfile" time="32.354" classname="testcases.TC_profile"/>
  <system-out/>
</testsuite> <!-- testcases.TC_profile -->
