<?xml version="1.0" encoding="UTF-8"?>
<!-- Generated by org.testng.reporters.JUnitReportReporter -->
<testsuite skipped="0" hostname="Dila" name="testcases.TS_profile" tests="1" failures="0" timestamp="09 Sep 2022 17:24:27 GMT" time="49.945" errors="0">
  <testcase name="tc_editProfile" time="49.945" classname="testcases.TS_profile"/>
</testsuite> <!-- testcases.TS_profile -->
