<?xml version="1.0" encoding="UTF-8"?>
<!-- Generated by org.testng.reporters.JUnitReportReporter -->
<testsuite skipped="0" hostname="Dila" name="testcases.TC_logIn" tests="1" failures="0" timestamp="2022-09-12T01:07:33 IST" time="27.150" errors="0">
  <testcase name="tc_login" time="27.150" classname="testcases.TC_logIn"/>
  <system-out/>
</testsuite> <!-- testcases.TC_logIn -->
