<?xml version="1.0" encoding="UTF-8"?>
<!-- Generated by org.testng.reporters.JUnitReportReporter -->
<testsuite skipped="0" hostname="Dila" name="testcases.TS_popularModel" tests="1" failures="0" timestamp="09 Sep 2022 16:30:32 GMT" time="66.196" errors="0">
  <testcase name="registerTC" time="66.196" classname="testcases.TS_popularModel"/>
</testsuite> <!-- testcases.TS_popularModel -->
