<?xml version="1.0" encoding="UTF-8"?>
<!-- Generated by org.testng.reporters.JUnitReportReporter -->
<testsuite skipped="0" hostname="Dila" name="testcases.TS_overrallRating" tests="1" failures="0" timestamp="09 Sep 2022 15:12:22 GMT" time="44.684" errors="0">
  <testcase name="tc_overrallRating" time="44.684" classname="testcases.TS_overrallRating"/>
</testsuite> <!-- testcases.TS_overrallRating -->
