<?xml version="1.0" encoding="UTF-8"?>
<!-- Generated by org.testng.reporters.JUnitReportReporter -->
<testsuite skipped="0" hostname="Dila" name="testcases.TS_popularMake" tests="1" failures="0" timestamp="09 Sep 2022 17:49:44 GMT" time="52.680" errors="0">
  <testcase name="tc_popularMake" time="52.680" classname="testcases.TS_popularMake"/>
</testsuite> <!-- testcases.TS_popularMake -->
