<?xml version="1.0" encoding="UTF-8"?>
<!-- Generated by org.testng.reporters.JUnitReportReporter -->
<testsuite skipped="0" hostname="Dila" name="testcases.TS_BuggyRegister" tests="1" failures="0" timestamp="09 Sep 2022 16:25:47 GMT" time="85.048" errors="0">
  <testcase name="registerTC" time="85.048" classname="testcases.TS_BuggyRegister"/>
</testsuite> <!-- testcases.TS_BuggyRegister -->
