<?xml version="1.0" encoding="UTF-8"?>
<!-- Generated by org.testng.reporters.JUnitReportReporter -->
<testsuite skipped="0" hostname="Dila" name="testcases.TC_popularMake" tests="1" failures="0" timestamp="2022-09-12T00:18:13 IST" time="40.647" errors="0">
  <testcase name="tc_voteforpopular" time="40.647" classname="testcases.TC_popularMake"/>
  <system-out/>
</testsuite> <!-- testcases.TC_popularMake -->
