<?xml version="1.0" encoding="UTF-8"?>
<!-- Generated by org.testng.reporters.JUnitReportReporter -->
<testsuite skipped="0" hostname="Dila" name="testcases.TC_popularModel" tests="1" failures="0" timestamp="2022-09-12T00:18:13 IST" time="26.611" errors="0">
  <testcase name="tc_checkPopularModel" time="26.611" classname="testcases.TC_popularModel"/>
  <system-out/>
</testsuite> <!-- testcases.TC_popularModel -->
