<?xml version="1.0" encoding="UTF-8"?>
<!-- Generated by org.testng.reporters.JUnitReportReporter -->
<testsuite skipped="0" hostname="Dila" name="testcases.TC_buggyRegister" tests="1" failures="0" timestamp="2022-09-12T00:21:05 IST" time="45.003" errors="0">
  <testcase name="tc_register" time="45.003" classname="testcases.TC_buggyRegister"/>
  <system-out/>
</testsuite> <!-- testcases.TC_buggyRegister -->
